<?xml version="1.0" encoding="UTF-8"?>
<!-- Generated by org.testng.reporters.JUnitReportReporter -->
<testsuite hostname="DESKTOP-3VM86Q0" name="com.testcase.logintestcase" tests="1" failures="0" timestamp="14 Mar 2019 06:28:26 GMT" time="8.398" errors="0">
  <testcase name="login" time="8.398" classname="com.testcase.logintestcase"/>
</testsuite> <!-- com.testcase.logintestcase -->
