<?xml version="1.0" encoding="UTF-8"?>
<!-- Generated by org.testng.reporters.JUnitReportReporter -->
<testsuite hostname="DESKTOP-3VM86Q0" name="Testngpack.Testselenium" tests="6" failures="0" timestamp="29 Dec 2018 06:27:01 GMT" time="0.003" errors="0">
  <testcase name="testconnectmysql" time="0.000" classname="Testngpack.Testselenium"/>
  <testcase name="testconnectmysql" time="0.001" classname="Testngpack.Testselenium"/>
  <testcase name="runselenium" time="0.000" classname="Testngpack.Testselenium"/>
  <testcase name="runselenium1" time="0.001" classname="Testngpack.Testselenium"/>
  <testcase name="runselenium" time="0.000" classname="Testngpack.Testselenium"/>
  <testcase name="runselenium1" time="0.001" classname="Testngpack.Testselenium"/>
</testsuite> <!-- Testngpack.Testselenium -->
