<?xml version="1.0" encoding="UTF-8"?>
<!-- Generated by org.testng.reporters.JUnitReportReporter -->
<testsuite hostname="DESKTOP-3VM86Q0" name="Testngpack.Testgroup" tests="6" failures="0" timestamp="29 Dec 2018 06:27:01 GMT" time="0.006" errors="0">
  <testcase name="selenium" time="0.000" classname="Testngpack.Testgroup"/>
  <testcase name="selenium" time="0.001" classname="Testngpack.Testgroup"/>
  <testcase name="testconnectmysql" time="0.000" classname="Testngpack.Testgroup"/>
  <testcase name="runselenium1" time="0.000" classname="Testngpack.Testgroup"/>
  <testcase name="runselenium1" time="0.005" classname="Testngpack.Testgroup"/>
  <testcase name="testconnectoracle" time="0.000" classname="Testngpack.Testgroup"/>
</testsuite> <!-- Testngpack.Testgroup -->
