<?xml version="1.0" encoding="UTF-8"?>
<!-- Generated by org.testng.reporters.JUnitReportReporter -->
<testsuite hostname="DESKTOP-3VM86Q0" name="com.testcase.gonggaotestcase" tests="1" failures="0" timestamp="7 Mar 2019 08:19:45 GMT" time="13.952" errors="0">
  <testcase name="addGG" time="13.952" classname="com.testcase.gonggaotestcase"/>
</testsuite> <!-- com.testcase.gonggaotestcase -->
