<?xml version="1.0" encoding="UTF-8"?>
<!-- Generated by org.testng.reporters.JUnitReportReporter -->
<testsuite hostname="DESKTOP-3VM86Q0" name="Testngpack.sizeyanjeTest" tests="6" failures="0" timestamp="27 Dec 2018 07:07:36 GMT" time="0.008" errors="0">
  <testcase name="cheng" time="0.001" classname="Testngpack.sizeyanjeTest"/>
  <testcase name="jian" time="0.001" classname="Testngpack.sizeyanjeTest"/>
  <testcase name="cheng" time="0.000" classname="Testngpack.sizeyanjeTest"/>
  <testcase name="add" time="0.005" classname="Testngpack.sizeyanjeTest"/>
  <testcase name="jian" time="0.001" classname="Testngpack.sizeyanjeTest"/>
  <testcase name="cheng" time="0.000" classname="Testngpack.sizeyanjeTest"/>
</testsuite> <!-- Testngpack.sizeyanjeTest -->
