<?xml version="1.0" encoding="UTF-8"?>
<!-- Generated by org.testng.reporters.JUnitReportReporter -->
<testsuite hostname="DESKTOP-3VM86Q0" name="com.testcase.addtestcase" tests="1" failures="0" timestamp="7 Mar 2019 00:48:39 GMT" time="11.897" errors="0">
  <testcase name="xztk" time="11.897" classname="com.testcase.addtestcase"/>
</testsuite> <!-- com.testcase.addtestcase -->
