<?xml version="1.0" encoding="UTF-8"?>
<!-- Generated by org.testng.reporters.JUnitReportReporter -->
<testsuite hostname="DESKTOP-3VM86Q0" name="com.testcase.classtestcase" tests="1" failures="0" timestamp="7 Mar 2019 07:33:45 GMT" time="11.389" errors="0">
  <testcase name="addclass" time="11.389" classname="com.testcase.classtestcase"/>
</testsuite> <!-- com.testcase.classtestcase -->
